[2025-12-07 18:32:16] __main__ INFO: Приложение запущено
[2025-12-07 18:32:16] modules.storage INFO: Xранилище инициализированно
[2025-12-07 18:32:17] modules.browser INFO: Браузер инициализированно
[2025-12-07 18:32:17] modules.client INFO: Клиент инициализирован
[2025-12-07 18:32:17] modules.parser INFO: Парсер инициализирован
[2025-12-07 18:32:44] __main__ INFO: Приложение запущено
[2025-12-07 18:32:44] modules.storage INFO: Xранилище инициализированно
[2025-12-07 18:32:44] modules.browser INFO: Браузер инициализированно
[2025-12-07 18:32:44] modules.client INFO: Клиент инициализирован
[2025-12-07 18:32:44] modules.parser INFO: Парсер инициализирован
[2025-12-07 18:33:49] __main__ INFO: Приложение запущено
[2025-12-07 18:33:49] modules.storage INFO: Xранилище инициализированно
[2025-12-07 18:33:50] modules.browser INFO: Браузер инициализированно
[2025-12-07 18:33:50] modules.client INFO: Клиент инициализирован
[2025-12-07 18:33:50] modules.parser INFO: Парсер инициализирован
[2025-12-07 18:33:50] modules.parser INFO: Количество страниц для парсинга 5
[2025-12-07 18:33:58] modules.parser INFO: Сохранение 50 цитат в хранилище
[2025-12-07 18:33:58] modules.storage INFO: Найдено 50 уникальных цитат из 50 переданных
[2025-12-07 18:33:58] modules.storage INFO: Запись в файл: quotes/output.json
[2025-12-07 18:33:58] modules.storage INFO: Сохранено: 50 цитат
[2025-12-07 18:33:58] modules.parser INFO: Парсинг успешно завершен
[2025-12-07 18:34:56] __main__ INFO: Приложение запущено
[2025-12-07 18:34:56] modules.storage INFO: Xранилище инициализированно
[2025-12-07 18:34:57] modules.browser INFO: Браузер инициализированно
[2025-12-07 18:34:57] modules.client INFO: Клиент инициализирован
[2025-12-07 18:34:57] modules.parser INFO: Парсер инициализирован
[2025-12-07 18:34:57] modules.parser INFO: Количество страниц для парсинга 5
[2025-12-07 18:35:05] modules.parser INFO: Сохранение 50 цитат в хранилище
[2025-12-07 18:35:05] modules.storage INFO: Найдено 40 уникальных цитат из 50 переданных
[2025-12-07 18:35:05] modules.storage INFO: Запись в файл: quotes/output.json
[2025-12-07 18:35:05] modules.storage INFO: Сохранено: 90 цитат
[2025-12-07 18:35:05] modules.parser INFO: Парсинг успешно завершен
[2025-12-07 18:35:05] modules.storage INFO: Запись в файл: quotes/author_quotes.json
[2025-12-07 18:35:05] modules.storage INFO: Хранилище цитат автора очищены quotes/author_quotes.json
[2025-12-07 18:35:05] modules.storage INFO: Запись в файл: quotes/author_quotes.json
[2025-12-07 18:35:05] modules.storage INFO: Цитаты автора записыны в файл quotes/author_quotes.json
[2025-12-07 18:35:05] modules.storage INFO: Найдено 10 цитат автора 'Albert Einstein'
[2025-12-07 18:56:03] __main__ INFO: Приложение запущено
[2025-12-07 18:56:03] modules.storage INFO: Xранилище инициализированно
[2025-12-07 18:56:04] modules.browser INFO: Браузер инициализированно
[2025-12-07 18:56:04] modules.client INFO: Клиент инициализирован
[2025-12-07 18:56:04] modules.parser INFO: Парсер инициализирован
[2025-12-07 18:57:01] __main__ INFO: Приложение запущено
[2025-12-07 18:57:01] modules.storage INFO: Xранилище инициализированно
[2025-12-07 18:57:02] modules.browser INFO: Браузер инициализированно
[2025-12-07 18:57:02] modules.client INFO: Клиент инициализирован
[2025-12-07 18:57:02] modules.parser INFO: Парсер инициализирован
[2025-12-07 19:02:45] __main__ INFO: Приложение запущено
[2025-12-07 19:02:45] modules.storage INFO: Xранилище инициализированно
[2025-12-07 19:02:45] modules.browser INFO: Браузер инициализированно
[2025-12-07 19:02:45] modules.client INFO: Клиент инициализирован
[2025-12-07 19:02:45] modules.parser INFO: Парсер инициализирован
[2025-12-07 19:03:13] __main__ INFO: Приложение запущено
[2025-12-07 19:03:13] modules.storage INFO: Xранилище инициализированно
[2025-12-07 19:03:14] modules.browser INFO: Браузер инициализированно
[2025-12-07 19:03:14] modules.client INFO: Клиент инициализирован
[2025-12-07 19:03:14] modules.parser INFO: Парсер инициализирован
[2025-12-07 19:03:14] modules.parser INFO: Количество страниц для парсинга 1
[2025-12-07 19:03:17] modules.parser INFO: Сохранение 10 цитат в хранилище
[2025-12-07 19:03:17] modules.storage INFO: Новых уникальных цитат не найдено
[2025-12-07 19:03:17] modules.storage INFO: Запись в файл: quotes/output.json
[2025-12-07 19:03:17] modules.storage INFO: Сохранено: 90 цитат
[2025-12-07 19:03:17] modules.parser INFO: Парсинг успешно завершен
[2025-12-07 19:05:05] __main__ INFO: Приложение запущено
[2025-12-07 19:05:05] modules.storage INFO: Xранилище инициализированно
[2025-12-07 19:05:06] modules.browser INFO: Браузер инициализированно
[2025-12-07 19:05:06] modules.client INFO: Клиент инициализирован
[2025-12-07 19:05:06] modules.parser INFO: Парсер инициализирован
[2025-12-07 19:06:25] __main__ INFO: Приложение запущено
[2025-12-07 19:06:25] modules.storage INFO: Xранилище инициализированно
[2025-12-07 19:06:25] modules.browser INFO: Браузер инициализированно
[2025-12-07 19:06:25] modules.client INFO: Клиент инициализирован
[2025-12-07 19:06:25] modules.parser INFO: Парсер инициализирован
[2025-12-07 19:06:25] modules.storage INFO: Запись в файл: quotes/author_quotes.json
[2025-12-07 19:06:25] modules.storage INFO: Хранилище цитат автора очищены quotes/author_quotes.json
[2025-12-07 19:06:25] modules.storage INFO: Запись в файл: quotes/author_quotes.json
[2025-12-07 19:06:25] modules.storage INFO: Цитаты автора записыны в файл quotes/author_quotes.json
[2025-12-07 19:06:25] modules.storage INFO: Найдено 9 цитат автора 'J.K. Rowling'
